-------------------------------------------------------------------------------
Test set: com.db.assetstore.web.AssetBulkE2ETest
-------------------------------------------------------------------------------
Tests run: 1, Failures: 1, Errors: 0, Skipped: 0, Time elapsed: 5.450 s <<< FAILURE! -- in com.db.assetstore.web.AssetBulkE2ETest
com.db.assetstore.web.AssetBulkE2ETest.bulkCreateAndFetch_creType_flatJsonArray -- Time elapsed: 0.277 s <<< FAILURE!
java.lang.AssertionError: 
JSON path "$[?(@.id=='cre-1')].attributes.rooms.value"
Expected: iterable containing [<3>]
     but: item 0: was <3.0>
	at org.hamcrest.MatcherAssert.assertThat(MatcherAssert.java:20)
	at org.springframework.test.util.JsonPathExpectationsHelper.assertValue(JsonPathExpectationsHelper.java:107)
	at org.springframework.test.web.servlet.result.JsonPathResultMatchers.lambda$value$0(JsonPathResultMatchers.java:88)
	at org.springframework.test.web.servlet.MockMvc$1.andExpect(MockMvc.java:214)
	at com.db.assetstore.web.AssetBulkE2ETest.bulkCreateAndFetch_creType_flatJsonArray(AssetBulkE2ETest.java:47)
	at java.base/java.lang.reflect.Method.invoke(Method.java:565)
	at java.base/java.util.ArrayList.forEach(ArrayList.java:1604)
	at java.base/java.util.ArrayList.forEach(ArrayList.java:1604)

