-------------------------------------------------------------------------------
Test set: com.db.assetstore.web.AssetEventE2ETest
-------------------------------------------------------------------------------
Tests run: 1, Failures: 1, Errors: 0, Skipped: 0, Time elapsed: 0.055 s <<< FAILURE! -- in com.db.assetstore.web.AssetEventE2ETest
com.db.assetstore.web.AssetEventE2ETest.createAsset_fetch_it_and_fetch_event -- Time elapsed: 0.048 s <<< FAILURE!
java.lang.AssertionError: 
JSON path "$.attributes.rooms.value"
Expected: is <3>
     but: was <3.0>
	at org.hamcrest.MatcherAssert.assertThat(MatcherAssert.java:20)
	at org.springframework.test.util.JsonPathExpectationsHelper.assertValue(JsonPathExpectationsHelper.java:107)
	at org.springframework.test.web.servlet.result.JsonPathResultMatchers.lambda$value$0(JsonPathResultMatchers.java:88)
	at org.springframework.test.web.servlet.MockMvc$1.andExpect(MockMvc.java:214)
	at com.db.assetstore.web.AssetEventE2ETest.createAsset_fetch_it_and_fetch_event(AssetEventE2ETest.java:57)
	at java.base/java.lang.reflect.Method.invoke(Method.java:565)
	at java.base/java.util.ArrayList.forEach(ArrayList.java:1604)
	at java.base/java.util.ArrayList.forEach(ArrayList.java:1604)

