<?xml version="1.0" encoding="UTF-8"?>
<testsuite xmlns:xsi="http://www.w3.org/2001/XMLSchema-instance" xsi:noNamespaceSchemaLocation="https://maven.apache.org/surefire/maven-surefire-plugin/xsd/surefire-test-report.xsd" version="3.0.2" name="com.db.assetstore.it.AssetServiceH2IntegrationTest" time="7.301" tests="3" errors="2" skipped="0" failures="0">
  <properties>
[...]
</properties>
  <testcase name="addAndGetAsset_roundTripsThroughH2" classname="com.db.assetstore.it.AssetServiceH2IntegrationTest" time="0.504">
    <error message="Cannot invoke &quot;java.util.List.get(int)&quot; because the return value of &quot;java.util.Map.get(Object)&quot; is null" type="java.lang.NullPointerException"><![CDATA[java.lang.NullPointerException: Cannot invoke "java.util.List.get(int)" because the return value of "java.util.Map.get(Object)" is null
	at com.db.assetstore.it.AssetServiceH2IntegrationTest.addAndGetAsset_roundTripsThroughH2(AssetServiceH2IntegrationTest.java:48)
	at java.base/java.lang.reflect.Method.invoke(Method.java:565)
	at java.base/java.util.ArrayList.forEach(ArrayList.java:1604)
	at java.base/java.util.ArrayList.forEach(ArrayList.java:1604)
]]></error>
    <system-out><![CDATA[16:01:58.024 [main] INFO org.springframework.test.context.support.AnnotationConfigContextLoaderUtils -- Could not detect default configuration classes for test class [com.db.assetstore.it.AssetServiceH2IntegrationTest]: AssetServiceH2IntegrationTest does not declare any static, non-private, non-final, nested classes annotated with @Configuration.
16:01:58.122 [main] INFO org.springframework.boot.test.context.SpringBootTestContextBootstrapper -- Found @SpringBootConfiguration com.db.assetstore.AssetStorePocApplication for test class com.db.assetstore.it.AssetServiceH2IntegrationTest

  .   ____          _            __ _ _
 /\\ / ___'_ __ _ _(_)_ __  __ _ \ \ \ \
( ( )\___ | '_ | '_| | '_ \/ _` | \ \ \ \
 \\/  ___)| |_)| | | | | || (_| |  ) ) ) )
  '  |____| .__|_| |_|_| |_\__, | / / / /
 =========|_|==============|___/=/_/_/_/

 :: Spring Boot ::                (v3.5.6)

2025-09-22T16:01:58.473+02:00  INFO 41384 --- [asset-store-poc] [           main] c.d.a.it.AssetServiceH2IntegrationTest   : Starting AssetServiceH2IntegrationTest using Java 25 with PID 41384 (started by tzsa in C:\Users\tzsa\IdeaProjects\asset-store-poc)
2025-09-22T16:01:58.474+02:00  INFO 41384 --- [asset-store-poc] [           main] c.d.a.it.AssetServiceH2IntegrationTest   : The following 1 profile is active: "test"
2025-09-22T16:01:59.037+02:00  INFO 41384 --- [asset-store-poc] [           main] .s.d.r.c.RepositoryConfigurationDelegate : Bootstrapping Spring Data JPA repositories in DEFAULT mode.
2025-09-22T16:01:59.108+02:00  INFO 41384 --- [asset-store-poc] [           main] .s.d.r.c.RepositoryConfigurationDelegate : Finished Spring Data repository scanning in 63 ms. Found 4 JPA repository interfaces.
2025-09-22T16:01:59.473+02:00  INFO 41384 --- [asset-store-poc] [           main] com.zaxxer.hikari.HikariDataSource       : HikariPool-1 - Starting...
2025-09-22T16:01:59.640+02:00  INFO 41384 --- [asset-store-poc] [           main] com.zaxxer.hikari.pool.HikariPool        : HikariPool-1 - Added connection conn0: url=jdbc:h2:mem:assetdb user=SA
2025-09-22T16:01:59.641+02:00  INFO 41384 --- [asset-store-poc] [           main] com.zaxxer.hikari.HikariDataSource       : HikariPool-1 - Start completed.
2025-09-22T16:01:59.719+02:00  INFO 41384 --- [asset-store-poc] [           main] liquibase.database                       : Set default schema name to PUBLIC
2025-09-22T16:02:00.154+02:00  INFO 41384 --- [asset-store-poc] [           main] liquibase.changelog                      : Creating database history table with name: PUBLIC.DATABASECHANGELOG
2025-09-22T16:02:00.254+02:00  INFO 41384 --- [asset-store-poc] [           main] liquibase.changelog                      : Reading from PUBLIC.DATABASECHANGELOG
2025-09-22T16:02:00.264+02:00  INFO 41384 --- [asset-store-poc] [           main] liquibase.snapshot                       : Creating snapshot
2025-09-22T16:02:00.371+02:00  INFO 41384 --- [asset-store-poc] [           main] liquibase.lockservice                    : Successfully acquired change log lock
2025-09-22T16:02:00.373+02:00  INFO 41384 --- [asset-store-poc] [           main] liquibase.command                        : Using deploymentId: 8549719459
2025-09-22T16:02:00.375+02:00  INFO 41384 --- [asset-store-poc] [           main] liquibase.changelog                      : Reading from PUBLIC.DATABASECHANGELOG
2025-09-22T16:02:00.404+02:00  INFO 41384 --- [asset-store-poc] [           main] liquibase.ui                             : Running Changeset: db/changelog/changelog-master.xml::1-create-tables::junie
2025-09-22T16:02:00.411+02:00  INFO 41384 --- [asset-store-poc] [           main] liquibase.changelog                      : Table assets created
2025-09-22T16:02:00.419+02:00  INFO 41384 --- [asset-store-poc] [           main] liquibase.changelog                      : Table asset_attribute created
2025-09-22T16:02:00.422+02:00  INFO 41384 --- [asset-store-poc] [           main] liquibase.changelog                      : Unique constraint added to asset_attribute(asset_id,name)
2025-09-22T16:02:00.425+02:00  INFO 41384 --- [asset-store-poc] [           main] liquibase.changelog                      : Table asset_attribute_history created
2025-09-22T16:02:00.430+02:00  INFO 41384 --- [asset-store-poc] [           main] liquibase.changelog                      : Foreign key constraint added to asset_attribute (asset_id)
2025-09-22T16:02:00.432+02:00  INFO 41384 --- [asset-store-poc] [           main] liquibase.changelog                      : Foreign key constraint added to asset_attribute_history (asset_id)
2025-09-22T16:02:00.433+02:00  INFO 41384 --- [asset-store-poc] [           main] liquibase.changelog                      : ChangeSet db/changelog/changelog-master.xml::1-create-tables::junie ran successfully in 28ms
2025-09-22T16:02:00.439+02:00  INFO 41384 --- [asset-store-poc] [           main] liquibase.ui                             : Running Changeset: db/changelog/changelog-master.xml::2-attr-definitions::junie
2025-09-22T16:02:00.444+02:00  INFO 41384 --- [asset-store-poc] [           main] liquibase.changelog                      : Table asset_attribute_def created
2025-09-22T16:02:00.446+02:00  INFO 41384 --- [asset-store-poc] [           main] liquibase.changelog                      : Unique constraint added to asset_attribute_def(type,name)
2025-09-22T16:02:00.447+02:00  INFO 41384 --- [asset-store-poc] [           main] liquibase.changelog                      : ChangeSet db/changelog/changelog-master.xml::2-attr-definitions::junie ran successfully in 7ms
2025-09-22T16:02:00.449+02:00  INFO 41384 --- [asset-store-poc] [           main] liquibase.ui                             : Running Changeset: db/changelog/changelog-master.xml::3-attr-history-fk::junie
2025-09-22T16:02:00.461+02:00  INFO 41384 --- [asset-store-poc] [           main] liquibase.changelog                      : Columns attribute_id(bigint) added to asset_attribute_history
2025-09-22T16:02:00.463+02:00  INFO 41384 --- [asset-store-poc] [           main] liquibase.changelog                      : Foreign key constraint added to asset_attribute_history (attribute_id)
2025-09-22T16:02:00.463+02:00  INFO 41384 --- [asset-store-poc] [           main] liquibase.changelog                      : ChangeSet db/changelog/changelog-master.xml::3-attr-history-fk::junie ran successfully in 13ms
2025-09-22T16:02:00.466+02:00  INFO 41384 --- [asset-store-poc] [           main] liquibase.ui                             : Running Changeset: db/changelog/changelog-master.xml::4-asset-extra-columns::junie
2025-09-22T16:02:00.507+02:00  INFO 41384 --- [asset-store-poc] [           main] liquibase.changelog                      : Columns version(bigint),status(varchar(64)),subtype(varchar(64)),status_effective_time(timestamp),created_by(varchar(64)),modified_at(timestamp),modified_by(varchar(64)),notional_amount(decimal(19,4)),asset_year(int),wh(varchar(64)),source_system_name(varchar(64)),external_reference(varchar(128)),description(varchar(1024)),currency(varchar(8)) added to assets
2025-09-22T16:02:00.508+02:00  INFO 41384 --- [asset-store-poc] [           main] liquibase.changelog                      : ChangeSet db/changelog/changelog-master.xml::4-asset-extra-columns::junie ran successfully in 41ms
2025-09-22T16:02:00.510+02:00  INFO 41384 --- [asset-store-poc] [           main] liquibase.ui                             : Running Changeset: db/changelog/changelog-master.xml::5-attr-typed-columns::junie
2025-09-22T16:02:00.520+02:00  INFO 41384 --- [asset-store-poc] [           main] liquibase.changelog                      : Columns value_str(varchar(1024)),value_bool(boolean),value_num(decimal(38,10)) added to asset_attribute
2025-09-22T16:02:00.522+02:00  INFO 41384 --- [asset-store-poc] [           main] liquibase.changelog                      : Column asset_attribute.attr_value dropped
2025-09-22T16:02:00.523+02:00  INFO 41384 --- [asset-store-poc] [           main] liquibase.changelog                      : ChangeSet db/changelog/changelog-master.xml::5-attr-typed-columns::junie ran successfully in 13ms
2025-09-22T16:02:00.525+02:00  INFO 41384 --- [asset-store-poc] [           main] liquibase.ui                             : Running Changeset: db/changelog/changelog-master.xml::6-attr-history-typed-columns::junie
2025-09-22T16:02:00.537+02:00  INFO 41384 --- [asset-store-poc] [           main] liquibase.changelog                      : Columns value_str(varchar(1024)),value_bool(boolean),value_num(decimal(38,10)) added to asset_attribute_history
2025-09-22T16:02:00.540+02:00  INFO 41384 --- [asset-store-poc] [           main] liquibase.changelog                      : Column asset_attribute_history.attr_value dropped
2025-09-22T16:02:00.540+02:00  INFO 41384 --- [asset-store-poc] [           main] liquibase.changelog                      : ChangeSet db/changelog/changelog-master.xml::6-attr-history-typed-columns::junie ran successfully in 15ms
2025-09-22T16:02:00.547+02:00  INFO 41384 --- [asset-store-poc] [           main] liquibase.util                           : UPDATE SUMMARY
2025-09-22T16:02:00.547+02:00  INFO 41384 --- [asset-store-poc] [           main] liquibase.util                           : Run:                          6
2025-09-22T16:02:00.548+02:00  INFO 41384 --- [asset-store-poc] [           main] liquibase.util                           : Previously run:               0
2025-09-22T16:02:00.548+02:00  INFO 41384 --- [asset-store-poc] [           main] liquibase.util                           : Filtered out:                 0
2025-09-22T16:02:00.548+02:00  INFO 41384 --- [asset-store-poc] [           main] liquibase.util                           : -------------------------------
2025-09-22T16:02:00.548+02:00  INFO 41384 --- [asset-store-poc] [           main] liquibase.util                           : Total change sets:            6
2025-09-22T16:02:00.548+02:00  INFO 41384 --- [asset-store-poc] [           main] liquibase.util                           : Update summary generated
2025-09-22T16:02:00.561+02:00  INFO 41384 --- [asset-store-poc] [           main] liquibase.command                        : Update command completed successfully.
2025-09-22T16:02:00.561+02:00  INFO 41384 --- [asset-store-poc] [           main] liquibase.ui                             : Liquibase: Update has been successful. Rows affected: 6
2025-09-22T16:02:00.563+02:00  INFO 41384 --- [asset-store-poc] [           main] liquibase.lockservice                    : Successfully released change log lock
2025-09-22T16:02:00.563+02:00  INFO 41384 --- [asset-store-poc] [           main] liquibase.command                        : Command execution complete
2025-09-22T16:02:01.101+02:00  INFO 41384 --- [asset-store-poc] [           main] o.hibernate.jpa.internal.util.LogHelper  : HHH000204: Processing PersistenceUnitInfo [name: default]
2025-09-22T16:02:01.150+02:00  INFO 41384 --- [asset-store-poc] [           main] org.hibernate.Version                    : HHH000412: Hibernate ORM core version 6.6.29.Final
2025-09-22T16:02:01.182+02:00  INFO 41384 --- [asset-store-poc] [           main] o.h.c.internal.RegionFactoryInitiator    : HHH000026: Second-level cache disabled
2025-09-22T16:02:01.414+02:00  INFO 41384 --- [asset-store-poc] [           main] o.s.o.j.p.SpringPersistenceUnitInfo      : No LoadTimeWeaver setup: ignoring JPA class transformer
2025-09-22T16:02:01.477+02:00  INFO 41384 --- [asset-store-poc] [           main] org.hibernate.orm.connections.pooling    : HHH10001005: Database info:
	Database JDBC URL [Connecting through datasource 'HikariDataSource (HikariPool-1)']
	Database driver: undefined/unknown
	Database version: 2.3.232
	Autocommit mode: undefined/unknown
	Isolation level: undefined/unknown
	Minimum pool size: undefined/unknown
	Maximum pool size: undefined/unknown
2025-09-22T16:02:02.399+02:00  INFO 41384 --- [asset-store-poc] [           main] o.h.e.t.j.p.i.JtaPlatformInitiator       : HHH000489: No JTA platform available (set 'hibernate.transaction.jta.platform' to enable JTA platform integration)
2025-09-22T16:02:02.401+02:00  INFO 41384 --- [asset-store-poc] [           main] j.LocalContainerEntityManagerFactoryBean : Initialized JPA EntityManagerFactory for persistence unit 'default'
2025-09-22T16:02:02.813+02:00  INFO 41384 --- [asset-store-poc] [           main] c.d.a.domain.schema.TypeSchemaRegistry   : TypeSchemaRegistry initialized: supported types=[CRE, SHIP] (2 schemas found)
2025-09-22T16:02:03.203+02:00  INFO 41384 --- [asset-store-poc] [           main] o.s.b.a.h2.H2ConsoleAutoConfiguration    : H2 console available at '/h2-console'. Database available at 'jdbc:h2:mem:assetdb'
2025-09-22T16:02:03.275+02:00  INFO 41384 --- [asset-store-poc] [           main] c.d.a.it.AssetServiceH2IntegrationTest   : Started AssetServiceH2IntegrationTest in 5.033 seconds (process running for 6.036)
2025-09-22T16:02:03.306+02:00  INFO 41384 --- [asset-store-poc] [           main] c.d.a.d.s.t.AttributeDefinitionRegistry  : AttributeDefinitionRegistry: type=CRE defs=5 (required=1)
2025-09-22T16:02:03.307+02:00  INFO 41384 --- [asset-store-poc] [           main] c.d.a.d.s.t.AttributeDefinitionRegistry  : AttributeDefinitionRegistry: type=SHIP defs=4 (required=1)
2025-09-22T16:02:03.691+02:00  INFO 41384 --- [asset-store-poc] [           main] s.s.AttributeDefinitionsBootstrapService : Bootstrapped attribute definitions from JSON Schemas to DB
2025-09-22T16:02:03.694+02:00  INFO 41384 --- [asset-store-poc] [           main] c.d.a.d.s.startup.StartupInfoService     : Attribute definitions bootstrap completed
2025-09-22T16:02:03.694+02:00  INFO 41384 --- [asset-store-poc] [           main] c.d.a.d.s.startup.StartupInfoService     : Supported asset types (schemas found): [CRE, SHIP]
2025-09-22T16:02:03.696+02:00  INFO 41384 --- [asset-store-poc] [           main] c.d.a.d.s.startup.StartupInfoService     : Discovered JSLT transforms (4): [transforms/asset-to-external.jslt, transforms/events/AssetCRE.jslt, transforms/events/AssetUpserted.jslt, transforms/no-schema-pass.jslt]
2025-09-22T16:02:04.133+02:00  INFO 41384 --- [asset-store-poc] [           main] c.d.a.infra.service.AssetService         : Adding asset: type=CRE, id=cre-it-1
2025-09-22T16:02:04.196+02:00  INFO 41384 --- [asset-store-poc] [           main] j.LocalContainerEntityManagerFactoryBean : Closing JPA EntityManagerFactory for persistence unit 'default'
2025-09-22T16:02:04.198+02:00  INFO 41384 --- [asset-store-poc] [           main] com.zaxxer.hikari.HikariDataSource       : HikariPool-1 - Shutdown initiated...
2025-09-22T16:02:04.200+02:00  INFO 41384 --- [asset-store-poc] [           main] com.zaxxer.hikari.HikariDataSource       : HikariPool-1 - Shutdown completed.
]]></system-out>
    <system-err><![CDATA[Mockito is currently self-attaching to enable the inline-mock-maker. This will no longer work in future releases of the JDK. Please add Mockito as an agent to your build as described in Mockito's documentation: https://javadoc.io/doc/org.mockito/mockito-core/latest/org.mockito/org/mockito/Mockito.html#0.3
WARNING: A Java agent has been loaded dynamically (C:\Users\tzsa\.m2\repository\net\bytebuddy\byte-buddy-agent\1.17.7\byte-buddy-agent-1.17.7.jar)
WARNING: If a serviceability tool is in use, please run with -XX:+EnableDynamicAgentLoading to hide this warning
WARNING: If a serviceability tool is not in use, please run with -Djdk.instrument.traceUsage for more information
WARNING: Dynamic loading of agents will be disallowed by default in a future release
]]></system-err>
  </testcase>
  <testcase name="searchByAttribute_usesSpecificationAgainstH2" classname="com.db.assetstore.it.AssetServiceH2IntegrationTest" time="0.068">
    <system-out><![CDATA[
  .   ____          _            __ _ _
 /\\ / ___'_ __ _ _(_)_ __  __ _ \ \ \ \
( ( )\___ | '_ | '_| | '_ \/ _` | \ \ \ \
 \\/  ___)| |_)| | | | | || (_| |  ) ) ) )
  '  |____| .__|_| |_|_| |_\__, | / / / /
 =========|_|==============|___/=/_/_/_/

 :: Spring Boot ::                (v3.5.6)

2025-09-22T16:02:04.233+02:00  INFO 41384 --- [asset-store-poc] [           main] c.d.a.it.AssetServiceH2IntegrationTest   : Starting AssetServiceH2IntegrationTest using Java 25 with PID 41384 (started by tzsa in C:\Users\tzsa\IdeaProjects\asset-store-poc)
2025-09-22T16:02:04.234+02:00  INFO 41384 --- [asset-store-poc] [           main] c.d.a.it.AssetServiceH2IntegrationTest   : The following 1 profile is active: "test"
2025-09-22T16:02:04.377+02:00  INFO 41384 --- [asset-store-poc] [           main] .s.d.r.c.RepositoryConfigurationDelegate : Bootstrapping Spring Data JPA repositories in DEFAULT mode.
2025-09-22T16:02:04.397+02:00  INFO 41384 --- [asset-store-poc] [           main] .s.d.r.c.RepositoryConfigurationDelegate : Finished Spring Data repository scanning in 18 ms. Found 4 JPA repository interfaces.
2025-09-22T16:02:04.463+02:00  INFO 41384 --- [asset-store-poc] [           main] com.zaxxer.hikari.HikariDataSource       : HikariPool-2 - Starting...
2025-09-22T16:02:04.464+02:00  INFO 41384 --- [asset-store-poc] [           main] com.zaxxer.hikari.pool.HikariPool        : HikariPool-2 - Added connection conn10: url=jdbc:h2:mem:assetdb user=SA
2025-09-22T16:02:04.464+02:00  INFO 41384 --- [asset-store-poc] [           main] com.zaxxer.hikari.HikariDataSource       : HikariPool-2 - Start completed.
2025-09-22T16:02:04.466+02:00  INFO 41384 --- [asset-store-poc] [           main] liquibase.database                       : Set default schema name to PUBLIC
2025-09-22T16:02:04.500+02:00  INFO 41384 --- [asset-store-poc] [           main] liquibase.changelog                      : Reading from PUBLIC.DATABASECHANGELOG
2025-09-22T16:02:04.509+02:00  INFO 41384 --- [asset-store-poc] [           main] liquibase.ui                             : Database is up to date, no changesets to execute
2025-09-22T16:02:04.510+02:00  INFO 41384 --- [asset-store-poc] [           main] liquibase.changelog                      : Reading from PUBLIC.DATABASECHANGELOG
2025-09-22T16:02:04.512+02:00  INFO 41384 --- [asset-store-poc] [           main] liquibase.util                           : UPDATE SUMMARY
2025-09-22T16:02:04.512+02:00  INFO 41384 --- [asset-store-poc] [           main] liquibase.util                           : Run:                          0
2025-09-22T16:02:04.512+02:00  INFO 41384 --- [asset-store-poc] [           main] liquibase.util                           : Previously run:               6
2025-09-22T16:02:04.512+02:00  INFO 41384 --- [asset-store-poc] [           main] liquibase.util                           : Filtered out:                 0
2025-09-22T16:02:04.512+02:00  INFO 41384 --- [asset-store-poc] [           main] liquibase.util                           : -------------------------------
2025-09-22T16:02:04.513+02:00  INFO 41384 --- [asset-store-poc] [           main] liquibase.util                           : Total change sets:            6
2025-09-22T16:02:04.513+02:00  INFO 41384 --- [asset-store-poc] [           main] liquibase.util                           : Update summary generated
2025-09-22T16:02:04.513+02:00  INFO 41384 --- [asset-store-poc] [           main] liquibase.command                        : Command execution complete
2025-09-22T16:02:04.526+02:00  INFO 41384 --- [asset-store-poc] [           main] o.hibernate.jpa.internal.util.LogHelper  : HHH000204: Processing PersistenceUnitInfo [name: default]
2025-09-22T16:02:04.528+02:00  INFO 41384 --- [asset-store-poc] [           main] o.h.c.internal.RegionFactoryInitiator    : HHH000026: Second-level cache disabled
2025-09-22T16:02:04.534+02:00  INFO 41384 --- [asset-store-poc] [           main] o.s.o.j.p.SpringPersistenceUnitInfo      : No LoadTimeWeaver setup: ignoring JPA class transformer
2025-09-22T16:02:04.535+02:00  INFO 41384 --- [asset-store-poc] [           main] org.hibernate.orm.connections.pooling    : HHH10001005: Database info:
	Database JDBC URL [Connecting through datasource 'HikariDataSource (HikariPool-2)']
	Database driver: undefined/unknown
	Database version: 2.3.232
	Autocommit mode: undefined/unknown
	Isolation level: undefined/unknown
	Minimum pool size: undefined/unknown
	Maximum pool size: undefined/unknown
2025-09-22T16:02:04.574+02:00  INFO 41384 --- [asset-store-poc] [           main] o.h.e.t.j.p.i.JtaPlatformInitiator       : HHH000489: No JTA platform available (set 'hibernate.transaction.jta.platform' to enable JTA platform integration)
2025-09-22T16:02:04.575+02:00  INFO 41384 --- [asset-store-poc] [           main] j.LocalContainerEntityManagerFactoryBean : Initialized JPA EntityManagerFactory for persistence unit 'default'
2025-09-22T16:02:04.696+02:00  INFO 41384 --- [asset-store-poc] [           main] o.s.b.a.h2.H2ConsoleAutoConfiguration    : H2 console available at '/h2-console'. Database available at 'jdbc:h2:mem:assetdb'
2025-09-22T16:02:04.708+02:00  INFO 41384 --- [asset-store-poc] [           main] c.d.a.it.AssetServiceH2IntegrationTest   : Started AssetServiceH2IntegrationTest in 0.495 seconds (process running for 7.469)
2025-09-22T16:02:04.717+02:00  INFO 41384 --- [asset-store-poc] [           main] s.s.AttributeDefinitionsBootstrapService : Bootstrapped attribute definitions from JSON Schemas to DB
2025-09-22T16:02:04.717+02:00  INFO 41384 --- [asset-store-poc] [           main] c.d.a.d.s.startup.StartupInfoService     : Attribute definitions bootstrap completed
2025-09-22T16:02:04.717+02:00  INFO 41384 --- [asset-store-poc] [           main] c.d.a.d.s.startup.StartupInfoService     : Supported asset types (schemas found): [CRE, SHIP]
2025-09-22T16:02:04.718+02:00  INFO 41384 --- [asset-store-poc] [           main] c.d.a.d.s.startup.StartupInfoService     : Discovered JSLT transforms (4): [transforms/asset-to-external.jslt, transforms/events/AssetCRE.jslt, transforms/events/AssetUpserted.jslt, transforms/no-schema-pass.jslt]
2025-09-22T16:02:04.728+02:00  INFO 41384 --- [asset-store-poc] [           main] c.d.a.infra.service.AssetService         : Adding asset: type=CRE, id=cre-it-3
2025-09-22T16:02:04.733+02:00  INFO 41384 --- [asset-store-poc] [           main] c.d.a.infra.service.AssetService         : Adding asset: type=CRE, id=cre-it-4
2025-09-22T16:02:04.759+02:00  INFO 41384 --- [asset-store-poc] [           main] j.LocalContainerEntityManagerFactoryBean : Closing JPA EntityManagerFactory for persistence unit 'default'
2025-09-22T16:02:04.760+02:00  INFO 41384 --- [asset-store-poc] [           main] com.zaxxer.hikari.HikariDataSource       : HikariPool-2 - Shutdown initiated...
2025-09-22T16:02:04.787+02:00  INFO 41384 --- [asset-store-poc] [           main] com.zaxxer.hikari.HikariDataSource       : HikariPool-2 - Shutdown completed.
]]></system-out>
  </testcase>
  <testcase name="updateAssetFromJson_writesHistoryAndChangesValue" classname="com.db.assetstore.it.AssetServiceH2IntegrationTest" time="0.039">
    <error message="Cannot invoke &quot;java.util.List.get(int)&quot; because the return value of &quot;java.util.Map.get(Object)&quot; is null" type="java.lang.NullPointerException"><![CDATA[java.lang.NullPointerException: Cannot invoke "java.util.List.get(int)" because the return value of "java.util.Map.get(Object)" is null
	at com.db.assetstore.it.AssetServiceH2IntegrationTest.updateAssetFromJson_writesHistoryAndChangesValue(AssetServiceH2IntegrationTest.java:63)
	at java.base/java.lang.reflect.Method.invoke(Method.java:565)
	at java.base/java.util.ArrayList.forEach(ArrayList.java:1604)
	at java.base/java.util.ArrayList.forEach(ArrayList.java:1604)
]]></error>
    <system-out><![CDATA[
  .   ____          _            __ _ _
 /\\ / ___'_ __ _ _(_)_ __  __ _ \ \ \ \
( ( )\___ | '_ | '_| | '_ \/ _` | \ \ \ \
 \\/  ___)| |_)| | | | | || (_| |  ) ) ) )
  '  |____| .__|_| |_|_| |_\__, | / / / /
 =========|_|==============|___/=/_/_/_/

 :: Spring Boot ::                (v3.5.6)

2025-09-22T16:02:04.810+02:00  INFO 41384 --- [asset-store-poc] [           main] c.d.a.it.AssetServiceH2IntegrationTest   : Starting AssetServiceH2IntegrationTest using Java 25 with PID 41384 (started by tzsa in C:\Users\tzsa\IdeaProjects\asset-store-poc)
2025-09-22T16:02:04.811+02:00  INFO 41384 --- [asset-store-poc] [           main] c.d.a.it.AssetServiceH2IntegrationTest   : The following 1 profile is active: "test"
2025-09-22T16:02:04.934+02:00  INFO 41384 --- [asset-store-poc] [           main] .s.d.r.c.RepositoryConfigurationDelegate : Bootstrapping Spring Data JPA repositories in DEFAULT mode.
2025-09-22T16:02:04.951+02:00  INFO 41384 --- [asset-store-poc] [           main] .s.d.r.c.RepositoryConfigurationDelegate : Finished Spring Data repository scanning in 17 ms. Found 4 JPA repository interfaces.
2025-09-22T16:02:04.989+02:00  INFO 41384 --- [asset-store-poc] [           main] com.zaxxer.hikari.HikariDataSource       : HikariPool-3 - Starting...
2025-09-22T16:02:04.990+02:00  INFO 41384 --- [asset-store-poc] [           main] com.zaxxer.hikari.pool.HikariPool        : HikariPool-3 - Added connection conn18: url=jdbc:h2:mem:assetdb user=SA
2025-09-22T16:02:04.990+02:00  INFO 41384 --- [asset-store-poc] [           main] com.zaxxer.hikari.HikariDataSource       : HikariPool-3 - Start completed.
2025-09-22T16:02:04.991+02:00  INFO 41384 --- [asset-store-poc] [           main] liquibase.database                       : Set default schema name to PUBLIC
2025-09-22T16:02:05.011+02:00  INFO 41384 --- [asset-store-poc] [           main] liquibase.changelog                      : Reading from PUBLIC.DATABASECHANGELOG
2025-09-22T16:02:05.030+02:00  INFO 41384 --- [asset-store-poc] [           main] liquibase.ui                             : Database is up to date, no changesets to execute
2025-09-22T16:02:05.031+02:00  INFO 41384 --- [asset-store-poc] [           main] liquibase.util                           : UPDATE SUMMARY
2025-09-22T16:02:05.031+02:00  INFO 41384 --- [asset-store-poc] [           main] liquibase.util                           : Run:                          0
2025-09-22T16:02:05.031+02:00  INFO 41384 --- [asset-store-poc] [           main] liquibase.util                           : Previously run:               6
2025-09-22T16:02:05.031+02:00  INFO 41384 --- [asset-store-poc] [           main] liquibase.util                           : Filtered out:                 0
2025-09-22T16:02:05.031+02:00  INFO 41384 --- [asset-store-poc] [           main] liquibase.util                           : -------------------------------
2025-09-22T16:02:05.031+02:00  INFO 41384 --- [asset-store-poc] [           main] liquibase.util                           : Total change sets:            6
2025-09-22T16:02:05.031+02:00  INFO 41384 --- [asset-store-poc] [           main] liquibase.util                           : Update summary generated
2025-09-22T16:02:05.031+02:00  INFO 41384 --- [asset-store-poc] [           main] liquibase.command                        : Command execution complete
2025-09-22T16:02:05.041+02:00  INFO 41384 --- [asset-store-poc] [           main] o.hibernate.jpa.internal.util.LogHelper  : HHH000204: Processing PersistenceUnitInfo [name: default]
2025-09-22T16:02:05.043+02:00  INFO 41384 --- [asset-store-poc] [           main] o.h.c.internal.RegionFactoryInitiator    : HHH000026: Second-level cache disabled
2025-09-22T16:02:05.049+02:00  INFO 41384 --- [asset-store-poc] [           main] o.s.o.j.p.SpringPersistenceUnitInfo      : No LoadTimeWeaver setup: ignoring JPA class transformer
2025-09-22T16:02:05.050+02:00  INFO 41384 --- [asset-store-poc] [           main] org.hibernate.orm.connections.pooling    : HHH10001005: Database info:
	Database JDBC URL [Connecting through datasource 'HikariDataSource (HikariPool-3)']
	Database driver: undefined/unknown
	Database version: 2.3.232
	Autocommit mode: undefined/unknown
	Isolation level: undefined/unknown
	Minimum pool size: undefined/unknown
	Maximum pool size: undefined/unknown
2025-09-22T16:02:05.088+02:00  INFO 41384 --- [asset-store-poc] [           main] o.h.e.t.j.p.i.JtaPlatformInitiator       : HHH000489: No JTA platform available (set 'hibernate.transaction.jta.platform' to enable JTA platform integration)
2025-09-22T16:02:05.089+02:00  INFO 41384 --- [asset-store-poc] [           main] j.LocalContainerEntityManagerFactoryBean : Initialized JPA EntityManagerFactory for persistence unit 'default'
2025-09-22T16:02:05.167+02:00  INFO 41384 --- [asset-store-poc] [           main] o.s.b.a.h2.H2ConsoleAutoConfiguration    : H2 console available at '/h2-console'. Database available at 'jdbc:h2:mem:assetdb'
2025-09-22T16:02:05.174+02:00  INFO 41384 --- [asset-store-poc] [           main] c.d.a.it.AssetServiceH2IntegrationTest   : Started AssetServiceH2IntegrationTest in 0.384 seconds (process running for 7.936)
2025-09-22T16:02:05.179+02:00  INFO 41384 --- [asset-store-poc] [           main] s.s.AttributeDefinitionsBootstrapService : Bootstrapped attribute definitions from JSON Schemas to DB
2025-09-22T16:02:05.180+02:00  INFO 41384 --- [asset-store-poc] [           main] c.d.a.d.s.startup.StartupInfoService     : Attribute definitions bootstrap completed
2025-09-22T16:02:05.180+02:00  INFO 41384 --- [asset-store-poc] [           main] c.d.a.d.s.startup.StartupInfoService     : Supported asset types (schemas found): [CRE, SHIP]
2025-09-22T16:02:05.181+02:00  INFO 41384 --- [asset-store-poc] [           main] c.d.a.d.s.startup.StartupInfoService     : Discovered JSLT transforms (4): [transforms/asset-to-external.jslt, transforms/events/AssetCRE.jslt, transforms/events/AssetUpserted.jslt, transforms/no-schema-pass.jslt]
2025-09-22T16:02:05.194+02:00  INFO 41384 --- [asset-store-poc] [           main] c.d.a.infra.service.AssetService         : Adding asset: type=CRE, id=cre-it-2
2025-09-22T16:02:05.213+02:00  INFO 41384 --- [asset-store-poc] [           main] j.LocalContainerEntityManagerFactoryBean : Closing JPA EntityManagerFactory for persistence unit 'default'
2025-09-22T16:02:05.214+02:00  INFO 41384 --- [asset-store-poc] [           main] com.zaxxer.hikari.HikariDataSource       : HikariPool-3 - Shutdown initiated...
2025-09-22T16:02:05.220+02:00  INFO 41384 --- [asset-store-poc] [           main] com.zaxxer.hikari.HikariDataSource       : HikariPool-3 - Shutdown completed.
]]></system-out>
  </testcase>
</testsuite>