<?xml version="1.0" encoding="UTF-8"?>
<testsuite xmlns:xsi="http://www.w3.org/2001/XMLSchema-instance" xsi:noNamespaceSchemaLocation="https://maven.apache.org/surefire/maven-surefire-plugin/xsd/surefire-test-report.xsd" version="3.0.2" name="integration.IntegrationMultipleAssetTypesTest" time="6.968" tests="1" errors="0" skipped="0" failures="0">
  <properties>
[...]
</properties>
  <testcase name="persistTwoDifferentAssetTypes_CRE_and_SHIP" classname="integration.IntegrationMultipleAssetTypesTest" time="0.611">
    <system-out><![CDATA[
  .   ____          _            __ _ _
 /\\ / ___'_ __ _ _(_)_ __  __ _ \ \ \ \
( ( )\___ | '_ | '_| | '_ \/ _` | \ \ \ \
 \\/  ___)| |_)| | | | | || (_| |  ) ) ) )
  '  |____| .__|_| |_|_| |_\__, | / / / /
 =========|_|==============|___/=/_/_/_/

 :: Spring Boot ::                (v3.5.6)

2025-09-25T08:38:28.452Z  INFO 3412 --- [asset-store-poc] [           main] i.IntegrationMultipleAssetTypesTest      : Starting IntegrationMultipleAssetTypesTest using Java 17.0.16 with PID 3412 (started by runner in /home/runner/work/asset-store-poc/asset-store-poc)
2025-09-25T08:38:28.455Z  INFO 3412 --- [asset-store-poc] [           main] i.IntegrationMultipleAssetTypesTest      : The following 1 profile is active: "test"
2025-09-25T08:38:29.219Z  INFO 3412 --- [asset-store-poc] [           main] .s.d.r.c.RepositoryConfigurationDelegate : Bootstrapping Spring Data JPA repositories in DEFAULT mode.
2025-09-25T08:38:29.309Z  INFO 3412 --- [asset-store-poc] [           main] .s.d.r.c.RepositoryConfigurationDelegate : Finished Spring Data repository scanning in 83 ms. Found 5 JPA repository interfaces.
2025-09-25T08:38:29.741Z  INFO 3412 --- [asset-store-poc] [           main] com.zaxxer.hikari.HikariDataSource       : HikariPool-1 - Starting...
2025-09-25T08:38:29.907Z  INFO 3412 --- [asset-store-poc] [           main] com.zaxxer.hikari.pool.HikariPool        : HikariPool-1 - Added connection conn0: url=jdbc:h2:mem:assetdb user=SA
2025-09-25T08:38:29.910Z  INFO 3412 --- [asset-store-poc] [           main] com.zaxxer.hikari.HikariDataSource       : HikariPool-1 - Start completed.
2025-09-25T08:38:29.976Z  INFO 3412 --- [asset-store-poc] [           main] liquibase.database                       : Set default schema name to PUBLIC
2025-09-25T08:38:30.955Z  INFO 3412 --- [asset-store-poc] [           main] liquibase.changelog                      : Creating database history table with name: PUBLIC.DATABASECHANGELOG
2025-09-25T08:38:31.043Z  INFO 3412 --- [asset-store-poc] [           main] liquibase.changelog                      : Reading from PUBLIC.DATABASECHANGELOG
2025-09-25T08:38:31.055Z  INFO 3412 --- [asset-store-poc] [           main] liquibase.snapshot                       : Creating snapshot
2025-09-25T08:38:31.215Z  INFO 3412 --- [asset-store-poc] [           main] liquibase.lockservice                    : Successfully acquired change log lock
2025-09-25T08:38:31.216Z  INFO 3412 --- [asset-store-poc] [           main] liquibase.command                        : Using deploymentId: 8789509723
2025-09-25T08:38:31.218Z  INFO 3412 --- [asset-store-poc] [           main] liquibase.changelog                      : Reading from PUBLIC.DATABASECHANGELOG
2025-09-25T08:38:31.270Z  INFO 3412 --- [asset-store-poc] [           main] liquibase.ui                             : Running Changeset: db/changelog/changelog-master.xml::1-create-tables::junie
2025-09-25T08:38:31.277Z  INFO 3412 --- [asset-store-poc] [           main] liquibase.changelog                      : Table assets created
2025-09-25T08:38:31.292Z  INFO 3412 --- [asset-store-poc] [           main] liquibase.changelog                      : Table asset_attribute created
2025-09-25T08:38:31.295Z  INFO 3412 --- [asset-store-poc] [           main] liquibase.changelog                      : Unique constraint added to asset_attribute(asset_id,name)
2025-09-25T08:38:31.299Z  INFO 3412 --- [asset-store-poc] [           main] liquibase.changelog                      : Table asset_attribute_history created
2025-09-25T08:38:31.304Z  INFO 3412 --- [asset-store-poc] [           main] liquibase.changelog                      : Foreign key constraint added to asset_attribute (asset_id)
2025-09-25T08:38:31.307Z  INFO 3412 --- [asset-store-poc] [           main] liquibase.changelog                      : Foreign key constraint added to asset_attribute_history (asset_id)
2025-09-25T08:38:31.307Z  INFO 3412 --- [asset-store-poc] [           main] liquibase.changelog                      : ChangeSet db/changelog/changelog-master.xml::1-create-tables::junie ran successfully in 36ms
2025-09-25T08:38:31.317Z  INFO 3412 --- [asset-store-poc] [           main] liquibase.ui                             : Running Changeset: db/changelog/changelog-master.xml::2-attr-definitions::junie
2025-09-25T08:38:31.320Z  INFO 3412 --- [asset-store-poc] [           main] liquibase.changelog                      : Table asset_attribute_def created
2025-09-25T08:38:31.322Z  INFO 3412 --- [asset-store-poc] [           main] liquibase.changelog                      : Unique constraint added to asset_attribute_def(type,name)
2025-09-25T08:38:31.329Z  INFO 3412 --- [asset-store-poc] [           main] liquibase.changelog                      : ChangeSet db/changelog/changelog-master.xml::2-attr-definitions::junie ran successfully in 5ms
2025-09-25T08:38:31.333Z  INFO 3412 --- [asset-store-poc] [           main] liquibase.ui                             : Running Changeset: db/changelog/changelog-master.xml::3-attr-history-fk::junie
2025-09-25T08:38:31.344Z  INFO 3412 --- [asset-store-poc] [           main] liquibase.changelog                      : Columns attribute_id(bigint) added to asset_attribute_history
2025-09-25T08:38:31.347Z  INFO 3412 --- [asset-store-poc] [           main] liquibase.changelog                      : Foreign key constraint added to asset_attribute_history (attribute_id)
2025-09-25T08:38:31.347Z  INFO 3412 --- [asset-store-poc] [           main] liquibase.changelog                      : ChangeSet db/changelog/changelog-master.xml::3-attr-history-fk::junie ran successfully in 14ms
2025-09-25T08:38:31.352Z  INFO 3412 --- [asset-store-poc] [           main] liquibase.ui                             : Running Changeset: db/changelog/changelog-master.xml::4-asset-extra-columns::junie
2025-09-25T08:38:31.428Z  INFO 3412 --- [asset-store-poc] [           main] liquibase.changelog                      : Columns version(bigint),status(varchar(64)),subtype(varchar(64)),status_effective_time(timestamp),created_by(varchar(64)),modified_at(timestamp),modified_by(varchar(64)),notional_amount(decimal(19,4)),asset_year(int),wh(varchar(64)),source_system_name(varchar(64)),external_reference(varchar(128)),description(varchar(1024)),currency(varchar(8)) added to assets
2025-09-25T08:38:31.428Z  INFO 3412 --- [asset-store-poc] [           main] liquibase.changelog                      : ChangeSet db/changelog/changelog-master.xml::4-asset-extra-columns::junie ran successfully in 76ms
2025-09-25T08:38:31.431Z  INFO 3412 --- [asset-store-poc] [           main] liquibase.ui                             : Running Changeset: db/changelog/changelog-master.xml::5-attr-typed-columns::junie
2025-09-25T08:38:31.448Z  INFO 3412 --- [asset-store-poc] [           main] liquibase.changelog                      : Columns value_str(varchar(1024)),value_bool(boolean),value_num(decimal(38,10)) added to asset_attribute
2025-09-25T08:38:31.454Z  INFO 3412 --- [asset-store-poc] [           main] liquibase.changelog                      : Column asset_attribute.attr_value dropped
2025-09-25T08:38:31.454Z  INFO 3412 --- [asset-store-poc] [           main] liquibase.changelog                      : ChangeSet db/changelog/changelog-master.xml::5-attr-typed-columns::junie ran successfully in 22ms
2025-09-25T08:38:31.458Z  INFO 3412 --- [asset-store-poc] [           main] liquibase.ui                             : Running Changeset: db/changelog/changelog-master.xml::6-attr-history-typed-columns::junie
2025-09-25T08:38:31.473Z  INFO 3412 --- [asset-store-poc] [           main] liquibase.changelog                      : Columns value_str(varchar(1024)),value_bool(boolean),value_num(decimal(38,10)) added to asset_attribute_history
2025-09-25T08:38:31.477Z  INFO 3412 --- [asset-store-poc] [           main] liquibase.changelog                      : Column asset_attribute_history.attr_value dropped
2025-09-25T08:38:31.478Z  INFO 3412 --- [asset-store-poc] [           main] liquibase.changelog                      : ChangeSet db/changelog/changelog-master.xml::6-attr-history-typed-columns::junie ran successfully in 19ms
2025-09-25T08:38:31.482Z  INFO 3412 --- [asset-store-poc] [           main] liquibase.ui                             : Running Changeset: db/changelog/changelog-master.xml::7-command-log::junie
2025-09-25T08:38:31.485Z  INFO 3412 --- [asset-store-poc] [           main] liquibase.changelog                      : Table command_log created
2025-09-25T08:38:31.487Z  INFO 3412 --- [asset-store-poc] [           main] liquibase.changelog                      : Index idx_command_log_asset created
2025-09-25T08:38:31.488Z  INFO 3412 --- [asset-store-poc] [           main] liquibase.changelog                      : Index idx_command_log_type created
2025-09-25T08:38:31.488Z  INFO 3412 --- [asset-store-poc] [           main] liquibase.changelog                      : ChangeSet db/changelog/changelog-master.xml::7-command-log::junie ran successfully in 6ms
2025-09-25T08:38:31.495Z  INFO 3412 --- [asset-store-poc] [           main] liquibase.util                           : UPDATE SUMMARY
2025-09-25T08:38:31.495Z  INFO 3412 --- [asset-store-poc] [           main] liquibase.util                           : Run:                          7
2025-09-25T08:38:31.495Z  INFO 3412 --- [asset-store-poc] [           main] liquibase.util                           : Previously run:               0
2025-09-25T08:38:31.496Z  INFO 3412 --- [asset-store-poc] [           main] liquibase.util                           : Filtered out:                 0
2025-09-25T08:38:31.496Z  INFO 3412 --- [asset-store-poc] [           main] liquibase.util                           : -------------------------------
2025-09-25T08:38:31.496Z  INFO 3412 --- [asset-store-poc] [           main] liquibase.util                           : Total change sets:            7
2025-09-25T08:38:31.497Z  INFO 3412 --- [asset-store-poc] [           main] liquibase.util                           : Update summary generated
2025-09-25T08:38:31.499Z  INFO 3412 --- [asset-store-poc] [           main] liquibase.command                        : Update command completed successfully.
2025-09-25T08:38:31.499Z  INFO 3412 --- [asset-store-poc] [           main] liquibase.ui                             : Liquibase: Update has been successful. Rows affected: 7
2025-09-25T08:38:31.501Z  INFO 3412 --- [asset-store-poc] [           main] liquibase.lockservice                    : Successfully released change log lock
2025-09-25T08:38:31.502Z  INFO 3412 --- [asset-store-poc] [           main] liquibase.command                        : Command execution complete
2025-09-25T08:38:31.839Z  INFO 3412 --- [asset-store-poc] [           main] o.hibernate.jpa.internal.util.LogHelper  : HHH000204: Processing PersistenceUnitInfo [name: default]
2025-09-25T08:38:31.882Z  INFO 3412 --- [asset-store-poc] [           main] org.hibernate.Version                    : HHH000412: Hibernate ORM core version 6.6.29.Final
2025-09-25T08:38:31.910Z  INFO 3412 --- [asset-store-poc] [           main] o.h.c.internal.RegionFactoryInitiator    : HHH000026: Second-level cache disabled
2025-09-25T08:38:32.159Z  INFO 3412 --- [asset-store-poc] [           main] o.s.o.j.p.SpringPersistenceUnitInfo      : No LoadTimeWeaver setup: ignoring JPA class transformer
2025-09-25T08:38:32.244Z  INFO 3412 --- [asset-store-poc] [           main] org.hibernate.orm.connections.pooling    : HHH10001005: Database info:
	Database JDBC URL [Connecting through datasource 'HikariDataSource (HikariPool-1)']
	Database driver: undefined/unknown
	Database version: 2.3.232
	Autocommit mode: undefined/unknown
	Isolation level: undefined/unknown
	Minimum pool size: undefined/unknown
	Maximum pool size: undefined/unknown
2025-09-25T08:38:33.054Z  INFO 3412 --- [asset-store-poc] [           main] o.h.e.t.j.p.i.JtaPlatformInitiator       : HHH000489: No JTA platform available (set 'hibernate.transaction.jta.platform' to enable JTA platform integration)
2025-09-25T08:38:33.056Z  INFO 3412 --- [asset-store-poc] [           main] j.LocalContainerEntityManagerFactoryBean : Initialized JPA EntityManagerFactory for persistence unit 'default'
2025-09-25T08:38:33.162Z  INFO 3412 --- [asset-store-poc] [           main] c.d.a.d.service.type.TypeSchemaRegistry  : TypeSchemaRegistry: supported=[CRE, SHIP] (2 schemas loaded)
2025-09-25T08:38:33.164Z  INFO 3412 --- [asset-store-poc] [           main] c.d.a.d.s.t.AttributeDefinitionRegistry  : AttributeDefinitionRegistry: type=CRE defs=5 (required=1)
2025-09-25T08:38:33.165Z  INFO 3412 --- [asset-store-poc] [           main] c.d.a.d.s.t.AttributeDefinitionRegistry  : AttributeDefinitionRegistry: type=SHIP defs=4 (required=1)
2025-09-25T08:38:33.918Z  INFO 3412 --- [asset-store-poc] [           main] o.s.b.a.h2.H2ConsoleAutoConfiguration    : H2 console available at '/h2-console'. Database available at 'jdbc:h2:mem:assetdb'
2025-09-25T08:38:33.982Z  INFO 3412 --- [asset-store-poc] [           main] i.IntegrationMultipleAssetTypesTest      : Started IntegrationMultipleAssetTypesTest in 5.878 seconds (process running for 6.941)
2025-09-25T08:38:34.120Z  INFO 3412 --- [asset-store-poc] [           main] s.s.AttributeDefinitionsBootstrapService : Bootstrapped attribute definitions from JSON Schemas to DB
2025-09-25T08:38:34.123Z  INFO 3412 --- [asset-store-poc] [           main] c.d.a.d.s.startup.StartupInfoService     : Attribute definitions bootstrap completed
2025-09-25T08:38:34.123Z  INFO 3412 --- [asset-store-poc] [           main] c.d.a.d.s.startup.StartupInfoService     : Supported asset types (schemas found): [CRE, SHIP]
2025-09-25T08:38:34.124Z  INFO 3412 --- [asset-store-poc] [           main] c.d.a.d.s.startup.StartupInfoService     : Discovered JSLT transforms (2): [transforms/events/asset-cre.jslt, transforms/events/asset-cre.jslt]
2025-09-25T08:38:34.609Z  INFO 3412 --- [asset-store-poc] [           main] c.d.a.i.service.AssetCommandServiceImpl  : Adding asset: type=CRE, id=cre-int-2
2025-09-25T08:38:34.610Z  INFO 3412 --- [asset-store-poc] [           main] c.d.a.i.service.AssetCommandServiceImpl  : insertAllOnCreate(): incomingAttrCount=1
2025-09-25T08:38:34.672Z  INFO 3412 --- [asset-store-poc] [           main] c.d.a.i.service.AssetCommandServiceImpl  : Adding asset: type=SHIP, id=ship-int-1
2025-09-25T08:38:34.673Z  INFO 3412 --- [asset-store-poc] [           main] c.d.a.i.service.AssetCommandServiceImpl  : insertAllOnCreate(): incomingAttrCount=2
2025-09-25T08:38:34.734Z  INFO 3412 --- [asset-store-poc] [           main] j.LocalContainerEntityManagerFactoryBean : Closing JPA EntityManagerFactory for persistence unit 'default'
2025-09-25T08:38:34.736Z  INFO 3412 --- [asset-store-poc] [           main] com.zaxxer.hikari.HikariDataSource       : HikariPool-1 - Shutdown initiated...
2025-09-25T08:38:34.738Z  INFO 3412 --- [asset-store-poc] [           main] com.zaxxer.hikari.HikariDataSource       : HikariPool-1 - Shutdown completed.
]]></system-out>
  </testcase>
</testsuite>