<?xml version="1.0" encoding="UTF-8"?>
<testsuite xmlns:xsi="http://www.w3.org/2001/XMLSchema-instance" xsi:noNamespaceSchemaLocation="https://maven.apache.org/surefire/maven-surefire-plugin/xsd/surefire-test-report.xsd" version="3.0.2" name="integration.IntegrationAssetHistoryTest" time="0.668" tests="1" errors="0" skipped="0" failures="0">
  <properties>
[...]
</properties>
  <testcase name="multipleUpdatesProduceHistoryAndFinalState" classname="integration.IntegrationAssetHistoryTest" time="0.071">
    <system-out><![CDATA[
  .   ____          _            __ _ _
 /\\ / ___'_ __ _ _(_)_ __  __ _ \ \ \ \
( ( )\___ | '_ | '_| | '_ \/ _` | \ \ \ \
 \\/  ___)| |_)| | | | | || (_| |  ) ) ) )
  '  |____| .__|_| |_|_| |_\__, | / / / /
 =========|_|==============|___/=/_/_/_/

 :: Spring Boot ::                (v3.5.6)

2025-09-25T08:38:35.946Z  INFO 3412 --- [asset-store-poc] [           main] i.IntegrationAssetHistoryTest            : Starting IntegrationAssetHistoryTest using Java 17.0.16 with PID 3412 (started by runner in /home/runner/work/asset-store-poc/asset-store-poc)
2025-09-25T08:38:35.946Z  INFO 3412 --- [asset-store-poc] [           main] i.IntegrationAssetHistoryTest            : The following 1 profile is active: "test"
2025-09-25T08:38:36.080Z  INFO 3412 --- [asset-store-poc] [           main] .s.d.r.c.RepositoryConfigurationDelegate : Bootstrapping Spring Data JPA repositories in DEFAULT mode.
2025-09-25T08:38:36.098Z  INFO 3412 --- [asset-store-poc] [           main] .s.d.r.c.RepositoryConfigurationDelegate : Finished Spring Data repository scanning in 16 ms. Found 5 JPA repository interfaces.
2025-09-25T08:38:36.167Z  INFO 3412 --- [asset-store-poc] [           main] com.zaxxer.hikari.HikariDataSource       : HikariPool-3 - Starting...
2025-09-25T08:38:36.168Z  INFO 3412 --- [asset-store-poc] [           main] com.zaxxer.hikari.pool.HikariPool        : HikariPool-3 - Added connection conn20: url=jdbc:h2:mem:assetdb user=SA
2025-09-25T08:38:36.168Z  INFO 3412 --- [asset-store-poc] [           main] com.zaxxer.hikari.HikariDataSource       : HikariPool-3 - Start completed.
2025-09-25T08:38:36.169Z  INFO 3412 --- [asset-store-poc] [           main] liquibase.database                       : Set default schema name to PUBLIC
2025-09-25T08:38:36.208Z  INFO 3412 --- [asset-store-poc] [           main] liquibase.changelog                      : Reading from PUBLIC.DATABASECHANGELOG
2025-09-25T08:38:36.223Z  INFO 3412 --- [asset-store-poc] [           main] liquibase.ui                             : Database is up to date, no changesets to execute
2025-09-25T08:38:36.226Z  INFO 3412 --- [asset-store-poc] [           main] liquibase.util                           : UPDATE SUMMARY
2025-09-25T08:38:36.226Z  INFO 3412 --- [asset-store-poc] [           main] liquibase.util                           : Run:                          0
2025-09-25T08:38:36.226Z  INFO 3412 --- [asset-store-poc] [           main] liquibase.util                           : Previously run:               7
2025-09-25T08:38:36.226Z  INFO 3412 --- [asset-store-poc] [           main] liquibase.util                           : Filtered out:                 0
2025-09-25T08:38:36.226Z  INFO 3412 --- [asset-store-poc] [           main] liquibase.util                           : -------------------------------
2025-09-25T08:38:36.227Z  INFO 3412 --- [asset-store-poc] [           main] liquibase.util                           : Total change sets:            7
2025-09-25T08:38:36.227Z  INFO 3412 --- [asset-store-poc] [           main] liquibase.util                           : Update summary generated
2025-09-25T08:38:36.227Z  INFO 3412 --- [asset-store-poc] [           main] liquibase.command                        : Command execution complete
2025-09-25T08:38:36.245Z  INFO 3412 --- [asset-store-poc] [           main] o.hibernate.jpa.internal.util.LogHelper  : HHH000204: Processing PersistenceUnitInfo [name: default]
2025-09-25T08:38:36.247Z  INFO 3412 --- [asset-store-poc] [           main] o.h.c.internal.RegionFactoryInitiator    : HHH000026: Second-level cache disabled
2025-09-25T08:38:36.254Z  INFO 3412 --- [asset-store-poc] [           main] o.s.o.j.p.SpringPersistenceUnitInfo      : No LoadTimeWeaver setup: ignoring JPA class transformer
2025-09-25T08:38:36.255Z  INFO 3412 --- [asset-store-poc] [           main] org.hibernate.orm.connections.pooling    : HHH10001005: Database info:
	Database JDBC URL [Connecting through datasource 'HikariDataSource (HikariPool-3)']
	Database driver: undefined/unknown
	Database version: 2.3.232
	Autocommit mode: undefined/unknown
	Isolation level: undefined/unknown
	Minimum pool size: undefined/unknown
	Maximum pool size: undefined/unknown
2025-09-25T08:38:36.304Z  INFO 3412 --- [asset-store-poc] [           main] o.h.e.t.j.p.i.JtaPlatformInitiator       : HHH000489: No JTA platform available (set 'hibernate.transaction.jta.platform' to enable JTA platform integration)
2025-09-25T08:38:36.304Z  INFO 3412 --- [asset-store-poc] [           main] j.LocalContainerEntityManagerFactoryBean : Initialized JPA EntityManagerFactory for persistence unit 'default'
2025-09-25T08:38:36.311Z  INFO 3412 --- [asset-store-poc] [           main] c.d.a.d.service.type.TypeSchemaRegistry  : TypeSchemaRegistry: supported=[CRE, SHIP] (2 schemas loaded)
2025-09-25T08:38:36.312Z  INFO 3412 --- [asset-store-poc] [           main] c.d.a.d.s.t.AttributeDefinitionRegistry  : AttributeDefinitionRegistry: type=CRE defs=5 (required=1)
2025-09-25T08:38:36.312Z  INFO 3412 --- [asset-store-poc] [           main] c.d.a.d.s.t.AttributeDefinitionRegistry  : AttributeDefinitionRegistry: type=SHIP defs=4 (required=1)
2025-09-25T08:38:36.477Z  INFO 3412 --- [asset-store-poc] [           main] o.s.b.a.h2.H2ConsoleAutoConfiguration    : H2 console available at '/h2-console'. Database available at 'jdbc:h2:mem:assetdb'
2025-09-25T08:38:36.496Z  INFO 3412 --- [asset-store-poc] [           main] i.IntegrationAssetHistoryTest            : Started IntegrationAssetHistoryTest in 0.574 seconds (process running for 9.455)
2025-09-25T08:38:36.507Z  INFO 3412 --- [asset-store-poc] [           main] s.s.AttributeDefinitionsBootstrapService : Bootstrapped attribute definitions from JSON Schemas to DB
2025-09-25T08:38:36.507Z  INFO 3412 --- [asset-store-poc] [           main] c.d.a.d.s.startup.StartupInfoService     : Attribute definitions bootstrap completed
2025-09-25T08:38:36.507Z  INFO 3412 --- [asset-store-poc] [           main] c.d.a.d.s.startup.StartupInfoService     : Supported asset types (schemas found): [CRE, SHIP]
2025-09-25T08:38:36.509Z  INFO 3412 --- [asset-store-poc] [           main] c.d.a.d.s.startup.StartupInfoService     : Discovered JSLT transforms (2): [transforms/events/asset-cre.jslt, transforms/events/asset-cre.jslt]
2025-09-25T08:38:36.515Z  INFO 3412 --- [asset-store-poc] [           main] c.d.a.i.service.AssetCommandServiceImpl  : Adding asset: type=CRE, id=cre-int-hist
2025-09-25T08:38:36.515Z  INFO 3412 --- [asset-store-poc] [           main] c.d.a.i.service.AssetCommandServiceImpl  : insertAllOnCreate(): incomingAttrCount=3
2025-09-25T08:38:36.579Z  INFO 3412 --- [asset-store-poc] [           main] j.LocalContainerEntityManagerFactoryBean : Closing JPA EntityManagerFactory for persistence unit 'default'
2025-09-25T08:38:36.580Z  INFO 3412 --- [asset-store-poc] [           main] com.zaxxer.hikari.HikariDataSource       : HikariPool-3 - Shutdown initiated...
2025-09-25T08:38:36.581Z  INFO 3412 --- [asset-store-poc] [           main] com.zaxxer.hikari.HikariDataSource       : HikariPool-3 - Shutdown completed.
]]></system-out>
  </testcase>
</testsuite>