<?xml version="1.0" encoding="UTF-8"?>
<testsuite xmlns:xsi="http://www.w3.org/2001/XMLSchema-instance" xsi:noNamespaceSchemaLocation="https://maven.apache.org/surefire/maven-surefire-plugin/xsd/surefire-test-report.xsd" version="3.0.2" name="integration.IntegrationAssetPersistenceTest" time="0.409" tests="1" errors="0" skipped="0" failures="0">
  <properties>
[...]
</properties>
  <testcase name="persistAndReadCreAsset" classname="integration.IntegrationAssetPersistenceTest" time="0.032">
    <system-out><![CDATA[
  .   ____          _            __ _ _
 /\\ / ___'_ __ _ _(_)_ __  __ _ \ \ \ \
( ( )\___ | '_ | '_| | '_ \/ _` | \ \ \ \
 \\/  ___)| |_)| | | | | || (_| |  ) ) ) )
  '  |____| .__|_| |_|_| |_\__, | / / / /
 =========|_|==============|___/=/_/_/_/

 :: Spring Boot ::                (v3.5.6)

2025-09-22T16:27:45.220+02:00  INFO 30644 --- [asset-store-poc] [           main] i.IntegrationAssetPersistenceTest        : Starting IntegrationAssetPersistenceTest using Java 25 with PID 30644 (started by tzsa in C:\Users\tzsa\IdeaProjects\asset-store-poc)
2025-09-22T16:27:45.220+02:00  INFO 30644 --- [asset-store-poc] [           main] i.IntegrationAssetPersistenceTest        : The following 1 profile is active: "test"
2025-09-22T16:27:45.327+02:00  INFO 30644 --- [asset-store-poc] [           main] .s.d.r.c.RepositoryConfigurationDelegate : Bootstrapping Spring Data JPA repositories in DEFAULT mode.
2025-09-22T16:27:45.349+02:00  INFO 30644 --- [asset-store-poc] [           main] .s.d.r.c.RepositoryConfigurationDelegate : Finished Spring Data repository scanning in 21 ms. Found 4 JPA repository interfaces.
2025-09-22T16:27:45.381+02:00  INFO 30644 --- [asset-store-poc] [           main] com.zaxxer.hikari.HikariDataSource       : HikariPool-3 - Starting...
2025-09-22T16:27:45.383+02:00  INFO 30644 --- [asset-store-poc] [           main] com.zaxxer.hikari.pool.HikariPool        : HikariPool-3 - Added connection conn17: url=jdbc:h2:mem:assetdb user=SA
2025-09-22T16:27:45.383+02:00  INFO 30644 --- [asset-store-poc] [           main] com.zaxxer.hikari.HikariDataSource       : HikariPool-3 - Start completed.
2025-09-22T16:27:45.384+02:00  INFO 30644 --- [asset-store-poc] [           main] liquibase.database                       : Set default schema name to PUBLIC
2025-09-22T16:27:45.414+02:00  INFO 30644 --- [asset-store-poc] [           main] liquibase.changelog                      : Reading from PUBLIC.DATABASECHANGELOG
2025-09-22T16:27:45.425+02:00  INFO 30644 --- [asset-store-poc] [           main] liquibase.ui                             : Database is up to date, no changesets to execute
2025-09-22T16:27:45.427+02:00  INFO 30644 --- [asset-store-poc] [           main] liquibase.util                           : UPDATE SUMMARY
2025-09-22T16:27:45.427+02:00  INFO 30644 --- [asset-store-poc] [           main] liquibase.util                           : Run:                          0
2025-09-22T16:27:45.427+02:00  INFO 30644 --- [asset-store-poc] [           main] liquibase.util                           : Previously run:               6
2025-09-22T16:27:45.427+02:00  INFO 30644 --- [asset-store-poc] [           main] liquibase.util                           : Filtered out:                 0
2025-09-22T16:27:45.427+02:00  INFO 30644 --- [asset-store-poc] [           main] liquibase.util                           : -------------------------------
2025-09-22T16:27:45.427+02:00  INFO 30644 --- [asset-store-poc] [           main] liquibase.util                           : Total change sets:            6
2025-09-22T16:27:45.427+02:00  INFO 30644 --- [asset-store-poc] [           main] liquibase.util                           : Update summary generated
2025-09-22T16:27:45.428+02:00  INFO 30644 --- [asset-store-poc] [           main] liquibase.command                        : Command execution complete
2025-09-22T16:27:45.439+02:00  INFO 30644 --- [asset-store-poc] [           main] o.hibernate.jpa.internal.util.LogHelper  : HHH000204: Processing PersistenceUnitInfo [name: default]
2025-09-22T16:27:45.441+02:00  INFO 30644 --- [asset-store-poc] [           main] o.h.c.internal.RegionFactoryInitiator    : HHH000026: Second-level cache disabled
2025-09-22T16:27:45.447+02:00  INFO 30644 --- [asset-store-poc] [           main] o.s.o.j.p.SpringPersistenceUnitInfo      : No LoadTimeWeaver setup: ignoring JPA class transformer
2025-09-22T16:27:45.448+02:00  INFO 30644 --- [asset-store-poc] [           main] org.hibernate.orm.connections.pooling    : HHH10001005: Database info:
	Database JDBC URL [Connecting through datasource 'HikariDataSource (HikariPool-3)']
	Database driver: undefined/unknown
	Database version: 2.3.232
	Autocommit mode: undefined/unknown
	Isolation level: undefined/unknown
	Minimum pool size: undefined/unknown
	Maximum pool size: undefined/unknown
2025-09-22T16:27:45.484+02:00  INFO 30644 --- [asset-store-poc] [           main] o.h.e.t.j.p.i.JtaPlatformInitiator       : HHH000489: No JTA platform available (set 'hibernate.transaction.jta.platform' to enable JTA platform integration)
2025-09-22T16:27:45.485+02:00  INFO 30644 --- [asset-store-poc] [           main] j.LocalContainerEntityManagerFactoryBean : Initialized JPA EntityManagerFactory for persistence unit 'default'
2025-09-22T16:27:45.564+02:00  INFO 30644 --- [asset-store-poc] [           main] o.s.b.a.h2.H2ConsoleAutoConfiguration    : H2 console available at '/h2-console'. Database available at 'jdbc:h2:mem:assetdb'
2025-09-22T16:27:45.571+02:00  INFO 30644 --- [asset-store-poc] [           main] i.IntegrationAssetPersistenceTest        : Started IntegrationAssetPersistenceTest in 0.364 seconds (process running for 8.603)
2025-09-22T16:27:45.576+02:00  INFO 30644 --- [asset-store-poc] [           main] s.s.AttributeDefinitionsBootstrapService : Bootstrapped attribute definitions from JSON Schemas to DB
2025-09-22T16:27:45.576+02:00  INFO 30644 --- [asset-store-poc] [           main] c.d.a.d.s.startup.StartupInfoService     : Attribute definitions bootstrap completed
2025-09-22T16:27:45.576+02:00  INFO 30644 --- [asset-store-poc] [           main] c.d.a.d.s.startup.StartupInfoService     : Supported asset types (schemas found): [CRE, SHIP]
2025-09-22T16:27:45.578+02:00  INFO 30644 --- [asset-store-poc] [           main] c.d.a.d.s.startup.StartupInfoService     : Discovered JSLT transforms (4): [transforms/asset-to-external.jslt, transforms/events/AssetCRE.jslt, transforms/events/AssetUpserted.jslt, transforms/no-schema-pass.jslt]
2025-09-22T16:27:45.583+02:00  INFO 30644 --- [asset-store-poc] [           main] c.d.a.infra.service.AssetService         : Adding asset: type=CRE, id=cre-int-1
2025-09-22T16:27:45.583+02:00  INFO 30644 --- [asset-store-poc] [           main] c.d.a.infra.service.AssetService         : addAsset(): modelAttrs=3, entityAttrsBeforeSave=3
2025-09-22T16:27:45.596+02:00  INFO 30644 --- [asset-store-poc] [           main] j.LocalContainerEntityManagerFactoryBean : Closing JPA EntityManagerFactory for persistence unit 'default'
2025-09-22T16:27:45.597+02:00  INFO 30644 --- [asset-store-poc] [           main] com.zaxxer.hikari.HikariDataSource       : HikariPool-3 - Shutdown initiated...
2025-09-22T16:27:45.610+02:00  INFO 30644 --- [asset-store-poc] [           main] com.zaxxer.hikari.HikariDataSource       : HikariPool-3 - Shutdown completed.
]]></system-out>
  </testcase>
</testsuite>