<?xml version="1.0" encoding="UTF-8"?>
<testsuite xmlns:xsi="http://www.w3.org/2001/XMLSchema-instance" xsi:noNamespaceSchemaLocation="https://maven.apache.org/surefire/maven-surefire-plugin/xsd/surefire-test-report.xsd" version="3.0.2" name="com.db.assetstore.web.AssetEventE2ETest" time="0.055" tests="1" errors="0" skipped="0" failures="1">
  <properties>
[...]
</properties>
  <testcase name="createAsset_fetch_it_and_fetch_event" classname="com.db.assetstore.web.AssetEventE2ETest" time="0.048">
    <failure message="JSON path &quot;$.attributes.rooms.value&quot;&#10;Expected: is &lt;3&gt;&#10;     but: was &lt;3.0&gt;" type="java.lang.AssertionError"><![CDATA[java.lang.AssertionError: 
JSON path "$.attributes.rooms.value"
Expected: is <3>
     but: was <3.0>
	at org.hamcrest.MatcherAssert.assertThat(MatcherAssert.java:20)
	at org.springframework.test.util.JsonPathExpectationsHelper.assertValue(JsonPathExpectationsHelper.java:107)
	at org.springframework.test.web.servlet.result.JsonPathResultMatchers.lambda$value$0(JsonPathResultMatchers.java:88)
	at org.springframework.test.web.servlet.MockMvc$1.andExpect(MockMvc.java:214)
	at com.db.assetstore.web.AssetEventE2ETest.createAsset_fetch_it_and_fetch_event(AssetEventE2ETest.java:57)
	at java.base/java.lang.reflect.Method.invoke(Method.java:565)
	at java.base/java.util.ArrayList.forEach(ArrayList.java:1604)
	at java.base/java.util.ArrayList.forEach(ArrayList.java:1604)
]]></failure>
    <system-out><![CDATA[2025-09-22T16:27:44.642+02:00  INFO 30644 --- [asset-store-poc] [           main] t.c.s.AnnotationConfigContextLoaderUtils : Could not detect default configuration classes for test class [com.db.assetstore.web.AssetEventE2ETest]: AssetEventE2ETest does not declare any static, non-private, non-final, nested classes annotated with @Configuration.
2025-09-22T16:27:44.645+02:00  INFO 30644 --- [asset-store-poc] [           main] .b.t.c.SpringBootTestContextBootstrapper : Found @SpringBootConfiguration com.db.assetstore.AssetStorePocApplication for test class com.db.assetstore.web.AssetEventE2ETest
2025-09-22T16:27:44.650+02:00  INFO 30644 --- [asset-store-poc] [           main] com.db.assetstore.web.AssetController    : HTTP POST /assets - creating asset
2025-09-22T16:27:44.652+02:00  INFO 30644 --- [asset-store-poc] [           main] c.d.a.infra.service.AssetService         : Adding asset: type=CRE, id=cre-e1
2025-09-22T16:27:44.652+02:00  INFO 30644 --- [asset-store-poc] [           main] c.d.a.infra.service.AssetService         : addAsset(): modelAttrs=2, entityAttrsBeforeSave=2

MockHttpServletRequest:
      HTTP Method = POST
      Request URI = /assets
       Parameters = {}
          Headers = [Content-Type:"application/json;charset=UTF-8", Content-Length:"157"]
             Body = {"type":"CRE","id":"cre-e1","currency":"USD","notionalAmount":123.45,"status":"ACTIVE","subtype":"OFFICE","description":"Test CRE","city":"Warsaw","rooms":3}
    Session Attrs = {}

Handler:
             Type = com.db.assetstore.web.AssetController
           Method = com.db.assetstore.web.AssetController#addAsset(String)

Async:
    Async started = false
     Async result = null

Resolved Exception:
             Type = null

ModelAndView:
        View name = null
             View = null
            Model = null

FlashMap:
       Attributes = null

MockHttpServletResponse:
           Status = 200
    Error message = null
          Headers = [Content-Type:"text/plain;charset=UTF-8", Content-Length:"6"]
     Content type = text/plain;charset=UTF-8
             Body = cre-e1
    Forwarded URL = null
   Redirected URL = null
          Cookies = []

MockHttpServletRequest:
      HTTP Method = GET
      Request URI = /assets/cre-e1
       Parameters = {}
          Headers = [Accept:"application/json"]
             Body = null
    Session Attrs = {}

Handler:
             Type = com.db.assetstore.web.AssetController
           Method = com.db.assetstore.web.AssetController#getAsset(String)

Async:
    Async started = false
     Async result = null

Resolved Exception:
             Type = null

ModelAndView:
        View name = null
             View = null
            Model = null

FlashMap:
       Attributes = null

MockHttpServletResponse:
           Status = 200
    Error message = null
          Headers = [Content-Type:"application/json"]
     Content type = application/json
             Body = {"id":"cre-e1","type":"CRE","createdAt":"2025-09-22T14:27:44.652389Z","attributes":{"city":{"name":"city","value":"Warsaw"},"rooms":{"name":"rooms","value":3.0000000000}},"version":0,"status":"ACTIVE","subtype":"OFFICE","statusEffectiveTime":null,"modifiedAt":null,"modifiedBy":null,"createdBy":null,"softDelete":false,"notionalAmount":123.4500,"year":null,"wh":null,"sourceSystemName":null,"externalReference":null,"description":"Test CRE","currency":"USD","attributesByName":{"city":[{"@type":"STRING","name":"city","value":"Warsaw"}],"rooms":[{"@type":"DECIMAL","name":"rooms","value":3.0000000000}]},"attributesFlat":[{"@type":"STRING","name":"city","value":"Warsaw"},{"@type":"DECIMAL","name":"rooms","value":3.0000000000}]}
    Forwarded URL = null
   Redirected URL = null
          Cookies = []
]]></system-out>
  </testcase>
</testsuite>